# JRE version: OpenJDK Runtime Environment (8.0_202) (build 1.8.0_202-release-1483-b49-5587405)
# Java VM: OpenJDK 64-Bit Server VM (25.202-b49-5587405 mixed mode bsd-amd64 compressed oops)
Heap:
 PSYoungGen      total 243200K, used 243162K [0x00000007a0000000, 0x00000007b4900000, 0x00000007c0000000)
  eden space 188416K, 100% used [0x00000007a0000000,0x00000007ab800000,0x00000007ab800000)
  from space 54784K, 99% used [0x00000007abe80000,0x00000007af3f6b80,0x00000007af400000)
  to   space 74240K, 82% used [0x00000007b0080000,0x00000007b3c4c5f8,0x00000007b4900000)
 ParOldGen       total 136192K, used 52794K [0x0000000760000000, 0x0000000768500000, 0x00000007a0000000)
  object space 136192K, 38% used [0x0000000760000000,0x000000076338eb10,0x0000000768500000)
 Metaspace       used 120905K, capacity 128958K, committed 129112K, reserved 1161216K
  class space    used 15855K, capacity 17246K, committed 17280K, reserved 1048576K
GC Heap History (10 events):
Event: 11830.988 GC heap after
Heap after GC invocations=24 (full 5):
 PSYoungGen      total 252416K, used 35949K [0x00000007a0000000, 0x00000007b3300000, 0x00000007c0000000)
  eden space 216064K, 0% used [0x00000007a0000000,0x00000007a0000000,0x00000007ad300000)
  from space 36352K, 98% used [0x00000007ada80000,0x00000007afd9b428,0x00000007afe00000)
  to   space 49152K, 0% used [0x00000007b0300000,0x00000007b0300000,0x00000007b3300000)
 ParOldGen       total 136192K, used 52762K [0x0000000760000000, 0x0000000768500000, 0x00000007a0000000)
  object space 136192K, 38% used [0x0000000760000000,0x0000000763386b10,0x0000000768500000)
 Metaspace       used 109183K, capacity 113844K, committed 114008K, reserved 1148928K
  class space    used 14315K, capacity 15177K, committed 15232K, reserved 1048576K
}
Event: 12292.295 GC heap before
{Heap before GC invocations=25 (full 5):
 PSYoungGen      total 252416K, used 252013K [0x00000007a0000000, 0x00000007b3300000, 0x00000007c0000000)
  eden space 216064K, 100% used [0x00000007a0000000,0x00000007ad300000,0x00000007ad300000)
  from space 36352K, 98% used [0x00000007ada80000,0x00000007afd9b428,0x00000007afe00000)
  to   space 49152K, 0% used [0x00000007b0300000,0x00000007b0300000,0x00000007b3300000)
 ParOldGen       total 136192K, used 52762K [0x0000000760000000, 0x0000000768500000, 0x00000007a0000000)
  object space 136192K, 38% used [0x0000000760000000,0x0000000763386b10,0x0000000768500000)
 Metaspace       used 113700K, capacity 119860K, committed 120152K, reserved 1153024K
  class space    used 14913K, capacity 15953K, committed 16000K, reserved 1048576K
Event: 12293.264 GC heap after
Heap after GC invocations=25 (full 5):
 PSYoungGen      total 258048K, used 46870K [0x00000007a0000000, 0x00000007b3a00000, 0x00000007c0000000)
  eden space 208896K, 0% used [0x00000007a0000000,0x00000007a0000000,0x00000007acc00000)
  from space 49152K, 95% used [0x00000007b0300000,0x00000007b30c59e8,0x00000007b3300000)
  to   space 56320K, 0% used [0x00000007acc00000,0x00000007acc00000,0x00000007b0300000)
 ParOldGen       total 136192K, used 52770K [0x0000000760000000, 0x0000000768500000, 0x00000007a0000000)
  object space 136192K, 38% used [0x0000000760000000,0x0000000763388b10,0x0000000768500000)
 Metaspace       used 113700K, capacity 119860K, committed 120152K, reserved 1153024K
  class space    used 14913K, capacity 15953K, committed 16000K, reserved 1048576K
}
Event: 12406.431 GC heap before
{Heap before GC invocations=26 (full 5):
 PSYoungGen      total 258048K, used 255766K [0x00000007a0000000, 0x00000007b3a00000, 0x00000007c0000000)
  eden space 208896K, 100% used [0x00000007a0000000,0x00000007acc00000,0x00000007acc00000)
  from space 49152K, 95% used [0x00000007b0300000,0x00000007b30c59e8,0x00000007b3300000)
  to   space 56320K, 0% used [0x00000007acc00000,0x00000007acc00000,0x00000007b0300000)
 ParOldGen       total 136192K, used 52770K [0x0000000760000000, 0x0000000768500000, 0x00000007a0000000)
  object space 136192K, 38% used [0x0000000760000000,0x0000000763388b10,0x0000000768500000)
 Metaspace       used 116156K, capacity 122952K, committed 123224K, reserved 1157120K
  class space    used 15259K, capacity 16429K, committed 16512K, reserved 1048576K
Event: 12406.585 GC heap after
Heap after GC invocations=26 (full 5):
 PSYoungGen      total 248832K, used 46801K [0x00000007a0000000, 0x00000007b3e00000, 0x00000007c0000000)
  eden space 201728K, 0% used [0x00000007a0000000,0x00000007a0000000,0x00000007ac500000)
  from space 47104K, 99% used [0x00000007acc00000,0x00000007af9b4478,0x00000007afa00000)
  to   space 61952K, 0% used [0x00000007b0180000,0x00000007b0180000,0x00000007b3e00000)
 ParOldGen       total 136192K, used 52778K [0x0000000760000000, 0x0000000768500000, 0x00000007a0000000)
  object space 136192K, 38% used [0x0000000760000000,0x000000076338ab10,0x0000000768500000)
 Metaspace       used 116156K, capacity 122952K, committed 123224K, reserved 1157120K
  class space    used 15259K, capacity 16429K, committed 16512K, reserved 1048576K
}
Event: 12741.991 GC heap before
{Heap before GC invocations=27 (full 5):
 PSYoungGen      total 248832K, used 248529K [0x00000007a0000000, 0x00000007b3e00000, 0x00000007c0000000)
  eden space 201728K, 100% used [0x00000007a0000000,0x00000007ac500000,0x00000007ac500000)
  from space 47104K, 99% used [0x00000007acc00000,0x00000007af9b4478,0x00000007afa00000)
  to   space 61952K, 0% used [0x00000007b0180000,0x00000007b0180000,0x00000007b3e00000)
 ParOldGen       total 136192K, used 52778K [0x0000000760000000, 0x0000000768500000, 0x00000007a0000000)
  object space 136192K, 38% used [0x0000000760000000,0x000000076338ab10,0x0000000768500000)
 Metaspace       used 117695K, capacity 124932K, committed 125016K, reserved 1157120K
  class space    used 15454K, capacity 16723K, committed 16768K, reserved 1048576K
Event: 12742.177 GC heap after
Heap after GC invocations=27 (full 5):
 PSYoungGen      total 257024K, used 53042K [0x00000007a0000000, 0x00000007b4480000, 0x00000007c0000000)
  eden space 195072K, 0% used [0x00000007a0000000,0x00000007a0000000,0x00000007abe80000)
  from space 61952K, 85% used [0x00000007b0180000,0x00000007b354caa0,0x00000007b3e00000)
  to   space 68608K, 0% used [0x00000007abe80000,0x00000007abe80000,0x00000007b0180000)
 ParOldGen       total 136192K, used 52786K [0x0000000760000000, 0x0000000768500000, 0x00000007a0000000)
  object space 136192K, 38% used [0x0000000760000000,0x000000076338cb10,0x0000000768500000)
 Metaspace       used 117695K, capacity 124932K, committed 125016K, reserved 1157120K
  class space    used 15454K, capacity 16723K, committed 16768K, reserved 1048576K
}
Event: 13295.995 GC heap before
{Heap before GC invocations=28 (full 5):
 PSYoungGen      total 257024K, used 248114K [0x00000007a0000000, 0x00000007b4480000, 0x00000007c0000000)
  eden space 195072K, 100% used [0x00000007a0000000,0x00000007abe80000,0x00000007abe80000)
  from space 61952K, 85% used [0x00000007b0180000,0x00000007b354caa0,0x00000007b3e00000)
  to   space 68608K, 0% used [0x00000007abe80000,0x00000007abe80000,0x00000007b0180000)
 ParOldGen       total 136192K, used 52786K [0x0000000760000000, 0x0000000768500000, 0x00000007a0000000)
  object space 136192K, 38% used [0x0000000760000000,0x000000076338cb10,0x0000000768500000)
 Metaspace       used 119278K, capacity 127138K, committed 127448K, reserved 1159168K
  class space    used 15679K, capacity 17034K, committed 17152K, reserved 1048576K
Event: 13296.768 GC heap after
Heap after GC invocations=28 (full 5):
 PSYoungGen      total 243200K, used 54746K [0x00000007a0000000, 0x00000007b4900000, 0x00000007c0000000)
  eden space 188416K, 0% used [0x00000007a0000000,0x00000007a0000000,0x00000007ab800000)
  from space 54784K, 99% used [0x00000007abe80000,0x00000007af3f6b80,0x00000007af400000)
  to   space 74240K, 0% used [0x00000007b0080000,0x00000007b0080000,0x00000007b4900000)
 ParOldGen       total 136192K, used 52794K [0x0000000760000000, 0x0000000768500000, 0x00000007a0000000)
  object space 136192K, 38% used [0x0000000760000000,0x000000076338eb10,0x0000000768500000)
 Metaspace       used 119278K, capacity 127138K, committed 127448K, reserved 1159168K
  class space    used 15679K, capacity 17034K, committed 17152K, reserved 1048576K
}
Event: 13905.145 GC heap before
{Heap before GC invocations=29 (full 5):
 PSYoungGen      total 243200K, used 243162K [0x00000007a0000000, 0x00000007b4900000, 0x00000007c0000000)
  eden space 188416K, 100% used [0x00000007a0000000,0x00000007ab800000,0x00000007ab800000)
  from space 54784K, 99% used [0x00000007abe80000,0x00000007af3f6b80,0x00000007af400000)
  to   space 74240K, 0% used [0x00000007b0080000,0x00000007b0080000,0x00000007b4900000)
 ParOldGen       total 136192K, used 52794K [0x0000000760000000, 0x0000000768500000, 0x00000007a0000000)
  object space 136192K, 38% used [0x0000000760000000,0x000000076338eb10,0x0000000768500000)
 Metaspace       used 120905K, capacity 128958K, committed 129112K, reserved 1161216K
  class space    used 15855K, capacity 17246K, committed 17280K, reserved 1048576K

